2022/11/17 22:08:55 [notice] 1#1: using the "epoll" event method
2022/11/17 22:08:55 [notice] 1#1: nginx/1.21.6
2022/11/17 22:08:55 [notice] 1#1: built by gcc 10.2.1 20210110 (Debian 10.2.1-6) 
2022/11/17 22:08:55 [notice] 1#1: OS: Linux 5.10.124-linuxkit
2022/11/17 22:08:55 [notice] 1#1: getrlimit(RLIMIT_NOFILE): 1048576:1048576
2022/11/17 22:08:55 [notice] 1#1: start worker processes
2022/11/17 22:08:55 [notice] 1#1: start worker process 30
2022/11/17 22:08:55 [notice] 1#1: start worker process 31
2022/11/17 22:08:55 [notice] 1#1: start worker process 32
2022/11/17 22:08:55 [notice] 1#1: start worker process 33
2022/11/17 22:10:47 [notice] 1#1: signal 3 (SIGQUIT) received, shutting down
2022/11/17 22:10:47 [notice] 30#30: gracefully shutting down
2022/11/17 22:10:47 [notice] 30#30: exiting
2022/11/17 22:10:47 [notice] 32#32: gracefully shutting down
2022/11/17 22:10:47 [notice] 31#31: gracefully shutting down
2022/11/17 22:10:47 [notice] 33#33: gracefully shutting down
2022/11/17 22:10:47 [notice] 33#33: exiting
2022/11/17 22:10:47 [notice] 30#30: exit
2022/11/17 22:10:47 [notice] 32#32: exiting
2022/11/17 22:10:47 [notice] 31#31: exiting
2022/11/17 22:10:47 [notice] 33#33: exit
2022/11/17 22:10:47 [notice] 32#32: exit
2022/11/17 22:10:47 [notice] 31#31: exit
2022/11/17 22:10:47 [notice] 1#1: signal 17 (SIGCHLD) received from 30
2022/11/17 22:10:47 [notice] 1#1: worker process 30 exited with code 0
2022/11/17 22:10:47 [notice] 1#1: signal 29 (SIGIO) received
2022/11/17 22:10:47 [notice] 1#1: signal 17 (SIGCHLD) received from 33
2022/11/17 22:10:47 [notice] 1#1: worker process 32 exited with code 0
2022/11/17 22:10:47 [notice] 1#1: worker process 31 exited with code 0
2022/11/17 22:10:47 [notice] 1#1: worker process 33 exited with code 0
2022/11/17 22:10:47 [notice] 1#1: exit
2022/11/17 22:10:49 [notice] 1#1: using the "epoll" event method
2022/11/17 22:10:49 [notice] 1#1: nginx/1.21.6
2022/11/17 22:10:49 [notice] 1#1: built by gcc 10.2.1 20210110 (Debian 10.2.1-6) 
2022/11/17 22:10:49 [notice] 1#1: OS: Linux 5.10.124-linuxkit
2022/11/17 22:10:49 [notice] 1#1: getrlimit(RLIMIT_NOFILE): 1048576:1048576
2022/11/17 22:10:49 [notice] 1#1: start worker processes
2022/11/17 22:10:49 [notice] 1#1: start worker process 30
2022/11/17 22:10:49 [notice] 1#1: start worker process 31
2022/11/17 22:10:49 [notice] 1#1: start worker process 32
2022/11/17 22:10:49 [notice] 1#1: start worker process 33
2022/11/17 22:12:35 [notice] 1#1: signal 3 (SIGQUIT) received, shutting down
2022/11/17 22:12:35 [notice] 31#31: gracefully shutting down
2022/11/17 22:12:35 [notice] 30#30: gracefully shutting down
2022/11/17 22:12:35 [notice] 30#30: exiting
2022/11/17 22:12:35 [notice] 33#33: gracefully shutting down
2022/11/17 22:12:35 [notice] 33#33: exiting
2022/11/17 22:12:35 [notice] 32#32: gracefully shutting down
2022/11/17 22:12:35 [notice] 31#31: exiting
2022/11/17 22:12:35 [notice] 30#30: exit
2022/11/17 22:12:35 [notice] 33#33: exit
2022/11/17 22:12:35 [notice] 32#32: exiting
2022/11/17 22:12:35 [notice] 31#31: exit
2022/11/17 22:12:35 [notice] 32#32: exit
2022/11/17 22:12:35 [notice] 1#1: signal 17 (SIGCHLD) received from 30
2022/11/17 22:12:35 [notice] 1#1: worker process 30 exited with code 0
2022/11/17 22:12:35 [notice] 1#1: signal 29 (SIGIO) received
2022/11/17 22:12:35 [notice] 1#1: signal 17 (SIGCHLD) received from 32
2022/11/17 22:12:35 [notice] 1#1: worker process 32 exited with code 0
2022/11/17 22:12:35 [notice] 1#1: signal 29 (SIGIO) received
2022/11/17 22:12:35 [notice] 1#1: signal 17 (SIGCHLD) received from 33
2022/11/17 22:12:35 [notice] 1#1: worker process 33 exited with code 0
2022/11/17 22:12:35 [notice] 1#1: signal 29 (SIGIO) received
2022/11/17 22:12:35 [notice] 1#1: signal 17 (SIGCHLD) received from 31
2022/11/17 22:12:35 [notice] 1#1: worker process 31 exited with code 0
2022/11/17 22:12:35 [notice] 1#1: exit
2022/11/17 22:12:38 [notice] 1#1: using the "epoll" event method
2022/11/17 22:12:38 [notice] 1#1: nginx/1.21.6
2022/11/17 22:12:38 [notice] 1#1: built by gcc 10.2.1 20210110 (Debian 10.2.1-6) 
2022/11/17 22:12:38 [notice] 1#1: OS: Linux 5.10.124-linuxkit
2022/11/17 22:12:38 [notice] 1#1: getrlimit(RLIMIT_NOFILE): 1048576:1048576
2022/11/17 22:12:38 [notice] 1#1: start worker processes
2022/11/17 22:12:38 [notice] 1#1: start worker process 30
2022/11/17 22:12:38 [notice] 1#1: start worker process 31
2022/11/17 22:12:38 [notice] 1#1: start worker process 32
2022/11/17 22:12:38 [notice] 1#1: start worker process 33
2022/11/17 22:13:51 [notice] 1#1: signal 3 (SIGQUIT) received, shutting down
2022/11/17 22:13:51 [notice] 31#31: gracefully shutting down
2022/11/17 22:13:51 [notice] 31#31: exiting
2022/11/17 22:13:51 [notice] 32#32: gracefully shutting down
2022/11/17 22:13:51 [notice] 30#30: gracefully shutting down
2022/11/17 22:13:51 [notice] 30#30: exiting
2022/11/17 22:13:51 [notice] 33#33: gracefully shutting down
2022/11/17 22:13:51 [notice] 31#31: exit
2022/11/17 22:13:51 [notice] 32#32: exiting
2022/11/17 22:13:51 [notice] 32#32: exit
2022/11/17 22:13:51 [notice] 30#30: exit
2022/11/17 22:13:51 [notice] 33#33: exiting
2022/11/17 22:13:51 [notice] 33#33: exit
2022/11/17 22:13:51 [notice] 1#1: signal 17 (SIGCHLD) received from 30
2022/11/17 22:13:51 [notice] 1#1: worker process 30 exited with code 0
2022/11/17 22:13:51 [notice] 1#1: worker process 31 exited with code 0
2022/11/17 22:13:51 [notice] 1#1: worker process 32 exited with code 0
2022/11/17 22:13:51 [notice] 1#1: signal 29 (SIGIO) received
2022/11/17 22:13:51 [notice] 1#1: signal 17 (SIGCHLD) received from 31
2022/11/17 22:13:51 [notice] 1#1: signal 17 (SIGCHLD) received from 33
2022/11/17 22:13:51 [notice] 1#1: worker process 33 exited with code 0
2022/11/17 22:13:51 [notice] 1#1: exit
2022/11/17 22:13:53 [notice] 1#1: using the "epoll" event method
2022/11/17 22:13:53 [notice] 1#1: nginx/1.21.6
2022/11/17 22:13:53 [notice] 1#1: built by gcc 10.2.1 20210110 (Debian 10.2.1-6) 
2022/11/17 22:13:53 [notice] 1#1: OS: Linux 5.10.124-linuxkit
2022/11/17 22:13:53 [notice] 1#1: getrlimit(RLIMIT_NOFILE): 1048576:1048576
2022/11/17 22:13:53 [notice] 1#1: start worker processes
2022/11/17 22:13:53 [notice] 1#1: start worker process 30
2022/11/17 22:13:53 [notice] 1#1: start worker process 31
2022/11/17 22:13:53 [notice] 1#1: start worker process 32
2022/11/17 22:13:53 [notice] 1#1: start worker process 33
2022/11/17 22:14:56 [notice] 1#1: signal 3 (SIGQUIT) received, shutting down
2022/11/17 22:14:56 [notice] 30#30: gracefully shutting down
2022/11/17 22:14:56 [notice] 31#31: gracefully shutting down
2022/11/17 22:14:56 [notice] 31#31: exiting
2022/11/17 22:14:56 [notice] 32#32: gracefully shutting down
2022/11/17 22:14:56 [notice] 32#32: exiting
2022/11/17 22:14:56 [notice] 33#33: gracefully shutting down
2022/11/17 22:14:56 [notice] 33#33: exiting
2022/11/17 22:14:56 [notice] 30#30: exiting
2022/11/17 22:14:56 [notice] 31#31: exit
2022/11/17 22:14:56 [notice] 32#32: exit
2022/11/17 22:14:56 [notice] 33#33: exit
2022/11/17 22:14:56 [notice] 30#30: exit
2022/11/17 22:14:56 [notice] 1#1: signal 17 (SIGCHLD) received from 32
2022/11/17 22:14:56 [notice] 1#1: worker process 32 exited with code 0
2022/11/17 22:14:56 [notice] 1#1: signal 29 (SIGIO) received
2022/11/17 22:14:56 [notice] 1#1: signal 17 (SIGCHLD) received from 33
2022/11/17 22:14:56 [notice] 1#1: worker process 33 exited with code 0
2022/11/17 22:14:56 [notice] 1#1: worker process 31 exited with code 0
2022/11/17 22:14:56 [notice] 1#1: signal 29 (SIGIO) received
2022/11/17 22:14:56 [notice] 1#1: signal 17 (SIGCHLD) received from 31
2022/11/17 22:14:56 [notice] 1#1: signal 17 (SIGCHLD) received from 30
2022/11/17 22:14:56 [notice] 1#1: worker process 30 exited with code 0
2022/11/17 22:14:56 [notice] 1#1: exit
2022/11/17 22:14:59 [notice] 1#1: using the "epoll" event method
2022/11/17 22:14:59 [notice] 1#1: nginx/1.21.6
2022/11/17 22:14:59 [notice] 1#1: built by gcc 10.2.1 20210110 (Debian 10.2.1-6) 
2022/11/17 22:14:59 [notice] 1#1: OS: Linux 5.10.124-linuxkit
2022/11/17 22:14:59 [notice] 1#1: getrlimit(RLIMIT_NOFILE): 1048576:1048576
2022/11/17 22:14:59 [notice] 1#1: start worker processes
2022/11/17 22:14:59 [notice] 1#1: start worker process 30
2022/11/17 22:14:59 [notice] 1#1: start worker process 31
2022/11/17 22:14:59 [notice] 1#1: start worker process 32
2022/11/17 22:14:59 [notice] 1#1: start worker process 33
2022/11/17 22:23:30 [notice] 1#1: signal 3 (SIGQUIT) received, shutting down
2022/11/17 22:23:30 [notice] 31#31: gracefully shutting down
2022/11/17 22:23:30 [notice] 31#31: exiting
2022/11/17 22:23:30 [notice] 32#32: gracefully shutting down
2022/11/17 22:23:30 [notice] 33#33: gracefully shutting down
2022/11/17 22:23:30 [notice] 31#31: exit
2022/11/17 22:23:30 [notice] 30#30: gracefully shutting down
2022/11/17 22:23:30 [notice] 32#32: exiting
2022/11/17 22:23:30 [notice] 32#32: exit
2022/11/17 22:23:30 [notice] 33#33: exiting
2022/11/17 22:23:30 [notice] 33#33: exit
2022/11/17 22:23:30 [notice] 30#30: exiting
2022/11/17 22:23:30 [notice] 30#30: exit
2022/11/17 22:23:30 [notice] 1#1: signal 17 (SIGCHLD) received from 31
2022/11/17 22:23:30 [notice] 1#1: worker process 31 exited with code 0
2022/11/17 22:23:30 [notice] 1#1: worker process 32 exited with code 0
2022/11/17 22:23:30 [notice] 1#1: signal 29 (SIGIO) received
2022/11/17 22:23:30 [notice] 1#1: signal 17 (SIGCHLD) received from 32
2022/11/17 22:23:30 [notice] 1#1: signal 17 (SIGCHLD) received from 30
2022/11/17 22:23:30 [notice] 1#1: worker process 30 exited with code 0
2022/11/17 22:23:30 [notice] 1#1: worker process 33 exited with code 0
2022/11/17 22:23:30 [notice] 1#1: exit
2022/11/17 22:23:34 [notice] 1#1: using the "epoll" event method
2022/11/17 22:23:34 [notice] 1#1: nginx/1.21.6
2022/11/17 22:23:34 [notice] 1#1: built by gcc 10.2.1 20210110 (Debian 10.2.1-6) 
2022/11/17 22:23:34 [notice] 1#1: OS: Linux 5.10.124-linuxkit
2022/11/17 22:23:34 [notice] 1#1: getrlimit(RLIMIT_NOFILE): 1048576:1048576
2022/11/17 22:23:34 [notice] 1#1: start worker processes
2022/11/17 22:23:34 [notice] 1#1: start worker process 30
2022/11/17 22:23:34 [notice] 1#1: start worker process 31
2022/11/17 22:23:34 [notice] 1#1: start worker process 32
2022/11/17 22:23:34 [notice] 1#1: start worker process 33
